[1,483,599,735.1600][24825][DEBUG][proc num is 0.]
[1,483,599,735.1610][24825][NOTICE][fork success pid:24826]
[1,483,599,735.1613][24825][DEBUG][proc num is 1.]
[1,483,599,735.1615][24826][NOTICE][24826 is working 1483599735.1615]
[1,483,599,735.1620][24825][NOTICE][fork success pid:24827]
[1,483,599,735.1622][24825][DEBUG][proc num is 2.]
[1,483,599,735.1625][24827][NOTICE][24827 is working 1483599735.1625]
[1,483,599,735.1629][24825][NOTICE][fork success pid:24828]
[1,483,599,735.1631][24825][DEBUG][proc num is 3.]
[1,483,599,735.1634][24828][NOTICE][24828 is working 1483599735.1634]
[1,483,599,735.1639][24825][NOTICE][fork success pid:24829]
[1,483,599,735.1641][24825][DEBUG][proc num is 4.]
[1,483,599,735.1642][24825][DEBUG][Maximum children allowed.]
[1,483,599,735.1643][24829][NOTICE][24829 is working 1483599735.1643]
[1,483,599,736.1622][24826][NOTICE][24826 is working 1483599736.1621]
[1,483,599,736.1634][24827][NOTICE][24827 is working 1483599736.1634]
[1,483,599,736.1640][24828][NOTICE][24828 is working 1483599736.164]
[1,483,599,736.1648][24829][NOTICE][24829 is working 1483599736.1648]
[1,483,599,736.1650][24825][DEBUG][proc num is 4.]
[1,483,599,736.1652][24825][DEBUG][Maximum children allowed.]
[1,483,599,737.1638][24826][NOTICE][24826 is working 1483599737.1637]
[1,483,599,737.1641][24827][NOTICE][24827 is working 1483599737.1641]
[1,483,599,737.1650][24828][NOTICE][24828 is working 1483599737.165]
[1,483,599,737.1652][24829][NOTICE][24829 is working 1483599737.1652]
[1,483,599,737.1691][24825][DEBUG][proc num is 4.]
[1,483,599,737.1693][24825][DEBUG][Maximum children allowed.]
[1,483,599,738.1651][24826][NOTICE][24826 is working 1483599738.1651]
[1,483,599,738.1657][24827][NOTICE][24827 is working 1483599738.1657]
[1,483,599,738.1658][24828][NOTICE][24828 is working 1483599738.1658]
[1,483,599,738.1658][24829][NOTICE][24829 is working 1483599738.1658]
[1,483,599,738.1702][24825][DEBUG][proc num is 4.]
[1,483,599,738.1704][24825][DEBUG][Maximum children allowed.]
[1,483,599,739.1666][24829][NOTICE][24829 is working 1483599739.1666]
[1,483,599,739.1666][24826][NOTICE][24826 is working 1483599739.1666]
[1,483,599,739.1668][24827][NOTICE][24827 is working 1483599739.1668]
[1,483,599,739.1671][24828][NOTICE][24828 is working 1483599739.167]
[1,483,599,739.1735][24825][DEBUG][proc num is 4.]
[1,483,599,739.1738][24825][DEBUG][Maximum children allowed.]
[1,483,599,740.1673][24829][NOTICE][24829 is working 1483599740.1673]
[1,483,599,740.1673][24826][NOTICE][24826 is working 1483599740.1673]
[1,483,599,740.1685][24828][NOTICE][24828 is working 1483599740.1685]
[1,483,599,740.1685][24827][NOTICE][24827 is working 1483599740.1685]
[1,483,599,740.1789][24825][DEBUG][proc num is 4.]
[1,483,599,740.1792][24825][DEBUG][Maximum children allowed.]
[1,483,599,741.1687][24829][NOTICE][24829 is working 1483599741.1687]
[1,483,599,741.1688][24826][NOTICE][24826 is working 1483599741.1688]
[1,483,599,741.1691][24827][NOTICE][24827 is working 1483599741.1691]
[1,483,599,741.1692][24828][NOTICE][24828 is working 1483599741.1691]
[1,483,599,741.1803][24825][DEBUG][proc num is 4.]
[1,483,599,741.1805][24825][DEBUG][Maximum children allowed.]
[1,483,599,742.1702][24829][NOTICE][24829 is working 1483599742.1702]
[1,483,599,742.1702][24826][NOTICE][24826 is working 1483599742.1702]
[1,483,599,742.1706][24828][NOTICE][24828 is working 1483599742.1705]
[1,483,599,742.1706][24827][NOTICE][24827 is working 1483599742.1705]
[1,483,599,742.1815][24825][DEBUG][proc num is 4.]
[1,483,599,742.1818][24825][DEBUG][Maximum children allowed.]
[1,483,599,743.1716][24827][NOTICE][24827 is working 1483599743.1716]
[1,483,599,743.1716][24826][NOTICE][24826 is working 1483599743.1716]
[1,483,599,743.1716][24829][NOTICE][24829 is working 1483599743.1716]
[1,483,599,743.1719][24828][NOTICE][24828 is working 1483599743.1719]
[1,483,599,743.1861][24825][DEBUG][proc num is 4.]
[1,483,599,743.1864][24825][DEBUG][Maximum children allowed.]
[1,483,599,744.1729][24827][NOTICE][24827 is working 1483599744.1729]
[1,483,599,744.1729][24829][NOTICE][24829 is working 1483599744.1729]
[1,483,599,744.1729][24826][NOTICE][24826 is working 1483599744.1729]
[1,483,599,744.1732][24828][NOTICE][24828 is working 1483599744.1732]
[1,483,599,744.1895][24825][DEBUG][proc num is 4.]
[1,483,599,744.1897][24825][DEBUG][Maximum children allowed.]
[1,483,599,745.1745][24829][NOTICE][24829 is working 1483599745.1745]
[1,483,599,745.1745][24827][NOTICE][24827 is working 1483599745.1745]
[1,483,599,745.1745][24826][NOTICE][24826 is working 1483599745.1745]
[1,483,599,745.1747][24828][NOTICE][24828 is working 1483599745.1746]
[1,483,599,745.1947][24825][DEBUG][proc num is 4.]
[1,483,599,745.1950][24825][DEBUG][Maximum children allowed.]
[1,483,599,746.1760][24827][NOTICE][24827 is working 1483599746.1759]
[1,483,599,746.1760][24826][NOTICE][24826 is working 1483599746.176]
[1,483,599,746.1760][24829][NOTICE][24829 is working 1483599746.176]
[1,483,599,746.1762][24828][NOTICE][24828 is working 1483599746.1762]
[1,483,599,746.1981][24825][DEBUG][proc num is 4.]
[1,483,599,746.1983][24825][DEBUG][Maximum children allowed.]
[1,483,599,747.1768][24829][NOTICE][24829 is working 1483599747.1768]
[1,483,599,747.1768][24827][NOTICE][24827 is working 1483599747.1768]
[1,483,599,747.1768][24826][NOTICE][24826 is working 1483599747.1768]
[1,483,599,747.1780][24828][NOTICE][24828 is working 1483599747.1779]
[1,483,599,747.2032][24825][DEBUG][proc num is 4.]
[1,483,599,747.2034][24825][DEBUG][Maximum children allowed.]
[1,483,599,748.1782][24827][NOTICE][24827 is working 1483599748.1782]
[1,483,599,748.1782][24829][NOTICE][24829 is working 1483599748.1782]
[1,483,599,748.1782][24826][NOTICE][24826 is working 1483599748.1782]
[1,483,599,748.1785][24828][NOTICE][24828 is working 1483599748.1785]
[1,483,599,748.2087][24825][DEBUG][proc num is 4.]
[1,483,599,748.2090][24825][DEBUG][Maximum children allowed.]
[1,483,599,749.1792][24829][NOTICE][24829 is working 1483599749.1792]
[1,483,599,749.1792][24827][NOTICE][24827 is working 1483599749.1792]
[1,483,599,749.1798][24828][NOTICE][24828 is working 1483599749.1798]
[1,483,599,749.1798][24826][NOTICE][24826 is working 1483599749.1798]
[1,483,599,749.2141][24825][DEBUG][proc num is 4.]
[1,483,599,749.2167][24825][DEBUG][Maximum children allowed.]
[1,483,601,731.5710][24862][DEBUG][master start]
[1,483,601,731.5719][24862][DEBUG][master while: proc num is 0.]
[1,483,601,731.5727][24862][NOTICE][fork success pid:24863]
[1,483,601,731.5730][24862][DEBUG][master while: proc num is 1.]
[1,483,601,731.5732][24863][NOTICE][24863 is working 1483601731.5732]
[1,483,601,731.5736][24862][NOTICE][fork success pid:24864]
[1,483,601,731.5737][24862][DEBUG][master while: proc num is 2.]
[1,483,601,731.5741][24864][NOTICE][24864 is working 1483601731.5741]
[1,483,601,731.5744][24862][NOTICE][fork success pid:24865]
[1,483,601,731.5746][24862][DEBUG][master while: proc num is 3.]
[1,483,601,731.5748][24865][NOTICE][24865 is working 1483601731.5747]
[1,483,601,731.5752][24862][NOTICE][fork success pid:24866]
[1,483,601,731.5755][24862][DEBUG][master while: proc num is 4.]
[1,483,601,731.5756][24862][DEBUG][master sleep: enough worker num.]
[1,483,601,731.5758][24866][NOTICE][24866 is working 1483601731.5757]
[1,483,601,732.5740][24863][NOTICE][24863 is working 1483601732.5739]
[1,483,601,732.5750][24864][NOTICE][24864 is working 1483601732.575]
[1,483,601,732.5752][24865][NOTICE][24865 is working 1483601732.5752]
[1,483,601,732.5771][24866][NOTICE][24866 is working 1483601732.5771]
[1,483,601,732.5772][24862][DEBUG][master while: proc num is 4.]
[1,483,601,732.5774][24862][DEBUG][master sleep: enough worker num.]
[1,483,601,733.5754][24864][NOTICE][24864 is working 1483601733.5754]
[1,483,601,733.5755][24863][NOTICE][24863 is working 1483601733.5755]
[1,483,601,733.5758][24865][NOTICE][24865 is working 1483601733.5758]
[1,483,601,733.5785][24866][NOTICE][24866 is working 1483601733.5785]
[1,483,601,733.5820][24862][DEBUG][master while: proc num is 4.]
[1,483,601,733.5823][24862][DEBUG][master sleep: enough worker num.]
[1,483,601,734.5766][24863][NOTICE][24863 is working 1483601734.5766]
[1,483,601,734.5766][24864][NOTICE][24864 is working 1483601734.5766]
[1,483,601,734.5770][24865][NOTICE][24865 is working 1483601734.577]
[1,483,601,734.5801][24866][NOTICE][24866 is working 1483601734.5801]
[1,483,601,734.5850][24862][DEBUG][master while: proc num is 4.]
[1,483,601,734.5851][24862][DEBUG][master sleep: enough worker num.]
[1,483,601,735.5781][24865][NOTICE][24865 is working 1483601735.578]
[1,483,601,735.5781][24863][NOTICE][24863 is working 1483601735.578]
[1,483,601,735.5781][24864][NOTICE][24864 is working 1483601735.5781]
[1,483,601,735.5811][24866][NOTICE][24866 is working 1483601735.5811]
[1,483,601,735.5892][24862][DEBUG][master while: proc num is 4.]
[1,483,601,735.5894][24862][DEBUG][master sleep: enough worker num.]
[1,483,601,736.5784][24865][NOTICE][24865 is working 1483601736.5784]
[1,483,601,736.5785][24863][NOTICE][24863 is working 1483601736.5785]
[1,483,601,736.5786][24864][NOTICE][24864 is working 1483601736.5786]
[1,483,601,736.5817][24866][NOTICE][24866 is working 1483601736.5817]
[1,483,601,736.5933][24862][DEBUG][master while: proc num is 4.]
[1,483,601,736.5935][24862][DEBUG][master sleep: enough worker num.]
[1,483,601,737.5798][24864][NOTICE][24864 is working 1483601737.5798]
[1,483,601,737.5798][24863][NOTICE][24863 is working 1483601737.5798]
[1,483,601,737.5798][24865][NOTICE][24865 is working 1483601737.5798]
[1,483,601,737.5831][24866][NOTICE][24866 is working 1483601737.5831]
[1,483,601,737.5985][24862][DEBUG][master while: proc num is 4.]
[1,483,601,737.5987][24862][DEBUG][master sleep: enough worker num.]
[1,483,601,738.5813][24863][NOTICE][24863 is working 1483601738.5813]
[1,483,601,738.5813][24865][NOTICE][24865 is working 1483601738.5813]
[1,483,601,738.5813][24864][NOTICE][24864 is working 1483601738.5813]
[1,483,601,738.5846][24866][NOTICE][24866 is working 1483601738.5846]
[1,483,601,738.6039][24862][DEBUG][master while: proc num is 4.]
[1,483,601,738.6041][24862][DEBUG][master sleep: enough worker num.]
[1,483,601,739.5817][24865][NOTICE][24865 is working 1483601739.5816]
[1,483,601,739.5817][24863][NOTICE][24863 is working 1483601739.5817]
[1,483,601,739.5819][24864][NOTICE][24864 is working 1483601739.5819]
[1,483,601,739.5855][24866][NOTICE][24866 is working 1483601739.5854]
[1,483,601,739.6067][24862][DEBUG][master while: proc num is 4.]
[1,483,601,739.6069][24862][DEBUG][master sleep: enough worker num.]
[1,483,601,740.5827][24863][NOTICE][24863 is working 1483601740.5827]
[1,483,601,740.5827][24865][NOTICE][24865 is working 1483601740.5827]
[1,483,601,740.5833][24864][NOTICE][24864 is working 1483601740.5833]
[1,483,601,740.5870][24866][NOTICE][24866 is working 1483601740.587]
[1,483,601,740.6086][24862][DEBUG][master while: proc num is 4.]
[1,483,601,740.6089][24862][DEBUG][master sleep: enough worker num.]
[1,483,601,741.5836][24865][NOTICE][24865 is working 1483601741.5836]
[1,483,601,741.5837][24863][NOTICE][24863 is working 1483601741.5836]
[1,483,601,741.5846][24864][NOTICE][24864 is working 1483601741.5846]
[1,483,601,741.5874][24866][NOTICE][24866 is working 1483601741.5874]
[1,483,601,741.6135][24862][DEBUG][master while: proc num is 4.]
[1,483,601,741.6136][24862][DEBUG][master sleep: enough worker num.]
[1,483,601,742.5850][24863][NOTICE][24863 is working 1483601742.5849]
[1,483,601,742.5850][24865][NOTICE][24865 is working 1483601742.585]
[1,483,601,742.5853][24864][NOTICE][24864 is working 1483601742.5853]
[1,483,601,742.5880][24866][NOTICE][24866 is working 1483601742.588]
[1,483,601,742.6172][24862][DEBUG][master while: proc num is 4.]
[1,483,601,742.6174][24862][DEBUG][master sleep: enough worker num.]
[1,483,601,743.5853][24865][NOTICE][24865 is working 1483601743.5853]
[1,483,601,743.5856][24863][NOTICE][24863 is working 1483601743.5856]
[1,483,601,743.5871][24864][NOTICE][24864 is working 1483601743.5871]
[1,483,601,743.5895][24866][NOTICE][24866 is working 1483601743.5895]
[1,483,601,743.6221][24862][DEBUG][master while: proc num is 4.]
[1,483,601,743.6224][24862][DEBUG][master sleep: enough worker num.]
[1,483,601,744.5868][24863][NOTICE][24863 is working 1483601744.5868]
[1,483,601,744.5868][24865][NOTICE][24865 is working 1483601744.5868]
[1,483,601,744.5880][24864][NOTICE][24864 is working 1483601744.588]
[1,483,601,744.5908][24866][NOTICE][24866 is working 1483601744.5908]
[1,483,601,744.6278][24862][DEBUG][master while: proc num is 4.]
[1,483,601,744.6281][24862][DEBUG][master sleep: enough worker num.]
[1,483,601,817.5321][24867][DEBUG][master start]
[1,483,601,817.5323][24867][DEBUG][master while: proc num is 0.]
[1,483,601,817.5330][24867][NOTICE][fork success pid:24868]
[1,483,601,817.5332][24867][DEBUG][master while: proc num is 1.]
[1,483,601,817.5336][24868][NOTICE][24868 is working 1483601817.5335]
[1,483,601,817.5338][24867][NOTICE][fork success pid:24869]
[1,483,601,817.5339][24867][DEBUG][master while: proc num is 2.]
[1,483,601,817.5345][24867][NOTICE][fork success pid:24870]
[1,483,601,817.5347][24867][DEBUG][master while: proc num is 3.]
[1,483,601,817.5348][24869][NOTICE][24869 is working 1483601817.5348]
[1,483,601,817.5354][24867][NOTICE][fork success pid:24871]
[1,483,601,817.5356][24867][DEBUG][master while: proc num is 4.]
[1,483,601,817.5356][24870][NOTICE][24870 is working 1483601817.5356]
[1,483,601,817.5357][24867][DEBUG][master sleep: enough worker num.]
[1,483,601,817.5365][24871][NOTICE][24871 is working 1483601817.5365]
[1,483,601,818.5347][24868][NOTICE][24868 is working 1483601818.5347]
[1,483,601,818.5358][24869][NOTICE][24869 is working 1483601818.5358]
[1,483,601,818.5362][24870][NOTICE][24870 is working 1483601818.5362]
[1,483,601,818.5369][24871][NOTICE][24871 is working 1483601818.5369]
[1,483,601,818.5388][24867][DEBUG][master while: proc num is 4.]
[1,483,601,818.5391][24867][DEBUG][master sleep: enough worker num.]
[1,483,601,845.7192][24872][DEBUG][master start]
[1,483,601,845.7196][24872][DEBUG][master while: proc num is 0.]
[1,483,601,845.7212][24872][NOTICE][fork success pid:24873]
[1,483,601,845.7214][24872][DEBUG][master while: proc num is 1.]
[1,483,601,845.7217][24873][NOTICE][24873 is working 1483601845.7216]
[1,483,601,845.7220][24872][NOTICE][fork success pid:24874]
[1,483,601,845.7223][24872][DEBUG][master while: proc num is 2.]
[1,483,601,845.7226][24874][NOTICE][24874 is working 1483601845.7225]
[1,483,601,845.7230][24872][NOTICE][fork success pid:24875]
[1,483,601,845.7232][24872][DEBUG][master while: proc num is 3.]
[1,483,601,845.7234][24875][NOTICE][24875 is working 1483601845.7233]
[1,483,601,845.7238][24872][NOTICE][fork success pid:24876]
[1,483,601,845.7239][24872][DEBUG][master while: proc num is 4.]
[1,483,601,845.7240][24872][DEBUG][master sleep: enough worker num.]
[1,483,601,845.7243][24876][NOTICE][24876 is working 1483601845.7242]
[1,483,601,846.7237][24873][NOTICE][24873 is working 1483601846.7237]
[1,483,601,846.7237][24874][NOTICE][24874 is working 1483601846.7237]
[1,483,601,846.7241][24875][NOTICE][24875 is working 1483601846.724]
[1,483,601,846.7251][24876][NOTICE][24876 is working 1483601846.725]
[1,483,601,846.7293][24872][DEBUG][master while: proc num is 4.]
[1,483,601,846.7295][24872][DEBUG][master sleep: enough worker num.]
[1,483,601,847.7242][24874][NOTICE][24874 is working 1483601847.7242]
[1,483,601,847.7242][24873][NOTICE][24873 is working 1483601847.7242]
[1,483,601,847.7254][24875][NOTICE][24875 is working 1483601847.7254]
[1,483,601,847.7256][24876][NOTICE][24876 is working 1483601847.7256]
[1,483,601,847.7325][24872][DEBUG][master while: proc num is 4.]
[1,483,601,847.7327][24872][DEBUG][master sleep: enough worker num.]
[1,483,601,848.7256][24874][NOTICE][24874 is working 1483601848.7256]
[1,483,601,848.7256][24873][NOTICE][24873 is working 1483601848.7256]
[1,483,601,848.7261][24875][NOTICE][24875 is working 1483601848.7261]
[1,483,601,848.7262][24876][NOTICE][24876 is working 1483601848.7262]
[1,483,601,848.7379][24872][DEBUG][master while: proc num is 4.]
[1,483,601,848.7381][24872][DEBUG][master sleep: enough worker num.]
[1,483,601,849.7269][24874][NOTICE][24874 is working 1483601849.7269]
[1,483,601,849.7270][24873][NOTICE][24873 is working 1483601849.727]
[1,483,601,849.7273][24876][NOTICE][24876 is working 1483601849.7273]
[1,483,601,849.7274][24875][NOTICE][24875 is working 1483601849.7273]
[1,483,601,849.7386][24872][DEBUG][master while: proc num is 4.]
[1,483,601,849.7389][24872][DEBUG][master sleep: enough worker num.]
[1,483,601,850.7284][24875][NOTICE][24875 is working 1483601850.7284]
[1,483,601,850.7284][24873][NOTICE][24873 is working 1483601850.7284]
[1,483,601,850.7284][24874][NOTICE][24874 is working 1483601850.7284]
[1,483,601,850.7288][24876][NOTICE][24876 is working 1483601850.7288]
[1,483,601,850.7418][24872][DEBUG][master while: proc num is 4.]
[1,483,601,850.7419][24872][DEBUG][master sleep: enough worker num.]
[1,483,601,851.7299][24874][NOTICE][24874 is working 1483601851.7299]
[1,483,601,851.7298][24873][NOTICE][24873 is working 1483601851.7298]
[1,483,601,851.7300][24875][NOTICE][24875 is working 1483601851.73]
[1,483,601,851.7302][24876][NOTICE][24876 is working 1483601851.7301]
[1,483,601,851.7451][24872][DEBUG][master while: proc num is 4.]
[1,483,601,851.7452][24872][DEBUG][master sleep: enough worker num.]
[1,483,601,852.7302][24874][NOTICE][24874 is working 1483601852.7302]
[1,483,601,852.7305][24873][NOTICE][24873 is working 1483601852.7305]
[1,483,601,852.7318][24876][NOTICE][24876 is working 1483601852.7318]
[1,483,601,852.7318][24875][NOTICE][24875 is working 1483601852.7318]
[1,483,601,852.7474][24872][DEBUG][master while: proc num is 4.]
[1,483,601,852.7475][24872][DEBUG][master sleep: enough worker num.]
[1,483,601,853.7306][24874][NOTICE][24874 is working 1483601853.7306]
[1,483,601,853.7318][24873][NOTICE][24873 is working 1483601853.7318]
[1,483,601,853.7322][24876][NOTICE][24876 is working 1483601853.7322]
[1,483,601,853.7322][24875][NOTICE][24875 is working 1483601853.7322]
[1,483,601,853.7503][24872][DEBUG][master while: proc num is 4.]
[1,483,601,853.7505][24872][DEBUG][master sleep: enough worker num.]
[1,483,601,854.7320][24874][NOTICE][24874 is working 1483601854.732]
[1,483,601,854.7326][24876][NOTICE][24876 is working 1483601854.7326]
[1,483,601,854.7326][24873][NOTICE][24873 is working 1483601854.7326]
[1,483,601,854.7327][24875][NOTICE][24875 is working 1483601854.7327]
[1,483,601,854.7558][24872][DEBUG][master while: proc num is 4.]
[1,483,601,854.7559][24872][DEBUG][master sleep: enough worker num.]
[1,483,601,855.7324][24874][NOTICE][24874 is working 1483601855.7324]
[1,483,601,855.7334][24876][NOTICE][24876 is working 1483601855.7334]
[1,483,601,855.7335][24873][NOTICE][24873 is working 1483601855.7334]
[1,483,601,855.7336][24875][NOTICE][24875 is working 1483601855.7336]
[1,483,601,855.7570][24872][DEBUG][master while: proc num is 4.]
[1,483,601,855.7572][24872][DEBUG][master sleep: enough worker num.]
[1,483,601,856.7333][24874][NOTICE][24874 is working 1483601856.7333]
[1,483,601,856.7338][24876][NOTICE][24876 is working 1483601856.7338]
[1,483,601,856.7339][24873][NOTICE][24873 is working 1483601856.7339]
[1,483,601,856.7341][24875][NOTICE][24875 is working 1483601856.7341]
[1,483,601,856.7613][24872][DEBUG][master while: proc num is 4.]
[1,483,601,856.7615][24872][DEBUG][master sleep: enough worker num.]
[1,483,601,857.7351][24874][NOTICE][24874 is working 1483601857.7351]
[1,483,601,857.7368][24876][NOTICE][24876 is working 1483601857.7368]
[1,483,601,857.7370][24873][NOTICE][24873 is working 1483601857.737]
[1,483,601,857.7372][24875][NOTICE][24875 is working 1483601857.7372]
[1,483,601,857.7661][24872][DEBUG][master while: proc num is 4.]
[1,483,601,857.7662][24872][DEBUG][master sleep: enough worker num.]
[1,483,601,858.7367][24874][NOTICE][24874 is working 1483601858.7366]
[1,483,601,858.7371][24876][NOTICE][24876 is working 1483601858.7371]
[1,483,601,858.7373][24873][NOTICE][24873 is working 1483601858.7373]
[1,483,601,858.7376][24875][NOTICE][24875 is working 1483601858.7376]
[1,483,601,858.7694][24872][DEBUG][master while: proc num is 4.]
[1,483,601,858.7696][24872][DEBUG][master sleep: enough worker num.]
[1,483,601,859.7377][24874][NOTICE][24874 is working 1483601859.7377]
[1,483,601,859.7387][24876][NOTICE][24876 is working 1483601859.7387]
[1,483,601,859.7387][24873][NOTICE][24873 is working 1483601859.7387]
[1,483,601,859.7388][24875][NOTICE][24875 is working 1483601859.7388]
[1,483,601,859.7729][24872][DEBUG][master while: proc num is 4.]
[1,483,601,859.7753][24872][DEBUG][master sleep: enough worker num.]
[1,483,601,860.7381][24874][NOTICE][24874 is working 1483601860.7381]
[1,483,601,860.7390][24876][NOTICE][24876 is working 1483601860.739]
[1,483,601,860.7391][24873][NOTICE][24873 is working 1483601860.7391]
[1,483,601,860.7393][24875][NOTICE][24875 is working 1483601860.7392]
[1,483,601,860.7781][24872][DEBUG][master while: proc num is 4.]
[1,483,601,860.7782][24872][DEBUG][master sleep: enough worker num.]
[1,483,601,861.7397][24873][NOTICE][24873 is working 1483601861.7397]
[1,483,601,861.7397][24875][NOTICE][24875 is working 1483601861.7397]
[1,483,601,861.7397][24876][NOTICE][24876 is working 1483601861.7397]
[1,483,601,861.7397][24874][NOTICE][24874 is working 1483601861.7397]
[1,483,601,861.7812][24872][DEBUG][master while: proc num is 4.]
[1,483,601,861.7813][24872][DEBUG][master sleep: enough worker num.]
[1,483,601,862.7402][24874][NOTICE][24874 is working 1483601862.7402]
[1,483,601,862.7402][24876][NOTICE][24876 is working 1483601862.7402]
[1,483,601,862.7402][24873][NOTICE][24873 is working 1483601862.7402]
[1,483,601,862.7403][24875][NOTICE][24875 is working 1483601862.7403]
[1,483,601,862.7866][24872][DEBUG][master while: proc num is 4.]
[1,483,601,862.7867][24872][DEBUG][master sleep: enough worker num.]
[1,483,601,863.7409][24873][NOTICE][24873 is working 1483601863.7409]
[1,483,601,863.7409][24874][NOTICE][24874 is working 1483601863.7409]
[1,483,601,863.7409][24876][NOTICE][24876 is working 1483601863.7409]
[1,483,601,863.7411][24875][NOTICE][24875 is working 1483601863.7411]
[1,483,601,863.7927][24872][DEBUG][master while: proc num is 4.]
[1,483,601,863.7929][24872][DEBUG][master sleep: enough worker num.]
[1,483,601,864.7424][24873][NOTICE][24873 is working 1483601864.7423]
[1,483,601,864.7424][24876][NOTICE][24876 is working 1483601864.7424]
[1,483,601,864.7426][24875][NOTICE][24875 is working 1483601864.7426]
[1,483,601,864.7424][24874][NOTICE][24874 is working 1483601864.7424]
[1,483,601,864.7989][24872][DEBUG][master while: proc num is 4.]
[1,483,601,864.7990][24872][DEBUG][master sleep: enough worker num.]
[1,483,601,865.7440][24874][NOTICE][24874 is working 1483601865.744]
[1,483,601,865.7440][24875][NOTICE][24875 is working 1483601865.744]
[1,483,601,865.7440][24876][NOTICE][24876 is working 1483601865.744]
[1,483,601,865.7441][24873][NOTICE][24873 is working 1483601865.7441]
[1,483,601,865.8054][24872][DEBUG][master while: proc num is 4.]
[1,483,601,865.8055][24872][DEBUG][master sleep: enough worker num.]
[1,483,601,866.7454][24874][NOTICE][24874 is working 1483601866.7454]
[1,483,601,866.7454][24875][NOTICE][24875 is working 1483601866.7454]
[1,483,601,866.7454][24876][NOTICE][24876 is working 1483601866.7454]
[1,483,601,866.7457][24873][NOTICE][24873 is working 1483601866.7457]
[1,483,601,866.8073][24872][DEBUG][master while: proc num is 4.]
[1,483,601,866.8075][24872][DEBUG][master sleep: enough worker num.]
[1,483,601,867.7468][24875][NOTICE][24875 is working 1483601867.7468]
[1,483,601,867.7468][24876][NOTICE][24876 is working 1483601867.7468]
[1,483,601,867.7468][24874][NOTICE][24874 is working 1483601867.7468]
[1,483,601,867.7470][24873][NOTICE][24873 is working 1483601867.747]
[1,483,601,867.8122][24872][DEBUG][master while: proc num is 4.]
[1,483,601,867.8123][24872][DEBUG][master sleep: enough worker num.]
[1,483,601,868.7478][24876][NOTICE][24876 is working 1483601868.7478]
[1,483,601,868.7478][24873][NOTICE][24873 is working 1483601868.7478]
[1,483,601,868.7478][24874][NOTICE][24874 is working 1483601868.7478]
[1,483,601,868.7480][24875][NOTICE][24875 is working 1483601868.7479]
[1,483,601,868.8162][24872][DEBUG][master while: proc num is 4.]
[1,483,601,868.8164][24872][DEBUG][master sleep: enough worker num.]
[1,483,601,869.7493][24876][NOTICE][24876 is working 1483601869.7493]
[1,483,601,869.7493][24874][NOTICE][24874 is working 1483601869.7493]
[1,483,601,869.7493][24875][NOTICE][24875 is working 1483601869.7493]
[1,483,601,869.7493][24873][NOTICE][24873 is working 1483601869.7493]
[1,483,601,869.8204][24872][DEBUG][master while: proc num is 4.]
[1,483,601,869.8205][24872][DEBUG][master sleep: enough worker num.]
[1,483,601,870.7509][24876][NOTICE][24876 is working 1483601870.7508]
[1,483,601,870.7509][24875][NOTICE][24875 is working 1483601870.7508]
[1,483,601,870.7509][24873][NOTICE][24873 is working 1483601870.7508]
[1,483,601,870.7511][24874][NOTICE][24874 is working 1483601870.7511]
[1,483,601,870.8226][24872][DEBUG][master while: proc num is 4.]
[1,483,601,870.8228][24872][DEBUG][master sleep: enough worker num.]
[1,483,601,871.7515][24876][NOTICE][24876 is working 1483601871.7515]
[1,483,601,871.7515][24873][NOTICE][24873 is working 1483601871.7515]
[1,483,601,871.7515][24875][NOTICE][24875 is working 1483601871.7515]
[1,483,601,871.7522][24874][NOTICE][24874 is working 1483601871.7522]
[1,483,601,871.8291][24872][DEBUG][master while: proc num is 4.]
[1,483,601,871.8293][24872][DEBUG][master sleep: enough worker num.]
[1,483,601,872.7530][24876][NOTICE][24876 is working 1483601872.753]
[1,483,601,872.7530][24875][NOTICE][24875 is working 1483601872.753]
[1,483,601,872.7530][24873][NOTICE][24873 is working 1483601872.753]
[1,483,601,872.7533][24874][NOTICE][24874 is working 1483601872.7532]
[1,483,601,872.8323][24872][DEBUG][master while: proc num is 4.]
[1,483,601,872.8324][24872][DEBUG][master sleep: enough worker num.]
[1,483,601,873.7545][24875][NOTICE][24875 is working 1483601873.7545]
[1,483,601,873.7545][24876][NOTICE][24876 is working 1483601873.7545]
[1,483,601,873.7545][24873][NOTICE][24873 is working 1483601873.7545]
[1,483,601,873.7547][24874][NOTICE][24874 is working 1483601873.7547]
[1,483,601,873.8342][24872][DEBUG][master while: proc num is 4.]
[1,483,601,873.8344][24872][DEBUG][master sleep: enough worker num.]
[1,483,601,874.7558][24873][NOTICE][24873 is working 1483601874.7557]
[1,483,601,874.7559][24876][NOTICE][24876 is working 1483601874.7558]
[1,483,601,874.7558][24875][NOTICE][24875 is working 1483601874.7558]
[1,483,601,874.7572][24874][NOTICE][24874 is working 1483601874.7572]
[1,483,601,874.8385][24872][DEBUG][master while: proc num is 4.]
[1,483,601,874.8387][24872][DEBUG][master sleep: enough worker num.]
[1,483,601,875.7575][24876][NOTICE][24876 lock failed 1483601875.7575]
[1,483,601,875.7575][24873][NOTICE][24873 lock failed 1483601875.7575]
[1,483,601,875.7581][24874][NOTICE][24874 lock failed 1483601875.7581]
[1,483,601,875.7584][24876][NOTICE][24876 lock failed 1483601875.7584]
[1,483,601,875.7585][24873][NOTICE][24873 lock failed 1483601875.7585]
[1,483,601,875.7587][24875][NOTICE][24875 is exiting 1483601875.7587]
[1,483,601,875.7589][24874][NOTICE][24874 lock failed 1483601875.7588]
[1,483,601,875.7589][24876][NOTICE][24876 is exiting 1483601875.7589]
[1,483,601,875.7590][24873][NOTICE][24873 is exiting 1483601875.759]
[1,483,601,875.7592][24874][NOTICE][24874 is exiting 1483601875.7592]
[1,483,601,875.7597][24873][NOTICE][clear shm done1483601875.7597]
[1,483,601,875.7599][24875][NOTICE][clear shm done1483601875.7598]
[1,483,601,875.7599][24876][NOTICE][clear shm done1483601875.7599]
[1,483,601,875.7604][24874][NOTICE][clear shm done1483601875.7604]
[1,483,601,875.8400][24872][DEBUG][master while: proc num is 0.]
[1,483,601,875.8413][24872][NOTICE][fork success pid:24878]
[1,483,601,875.8416][24872][DEBUG][master while: proc num is 1.]
[1,483,601,875.8421][24878][NOTICE][24878 is working 1483601875.842]
[1,483,601,875.8433][24872][NOTICE][fork success pid:24879]
[1,483,601,875.8435][24879][NOTICE][24879 is working 1483601875.8434]
[1,483,601,875.8439][24872][DEBUG][master while: proc num is 2.]
[1,483,601,875.8448][24872][NOTICE][fork success pid:24880]
[1,483,601,875.8450][24872][DEBUG][master while: proc num is 3.]
[1,483,601,875.8455][24880][NOTICE][24880 is working 1483601875.8454]
[1,483,601,875.8458][24872][NOTICE][fork success pid:24881]
[1,483,601,875.8460][24872][DEBUG][master while: proc num is 4.]
[1,483,601,875.8461][24872][DEBUG][master sleep: enough worker num.]
[1,483,601,875.8463][24881][NOTICE][24881 is working 1483601875.8462]
[1,483,601,876.8429][24878][NOTICE][24878 is working 1483601876.8429]
[1,483,601,876.8442][24879][NOTICE][24879 is working 1483601876.8442]
[1,483,601,876.8471][24881][NOTICE][24881 is working 1483601876.847]
[1,483,601,876.8472][24872][DEBUG][master while: proc num is 4.]
[1,483,601,876.8472][24880][NOTICE][24880 is working 1483601876.8472]
[1,483,601,876.8474][24872][DEBUG][master sleep: enough worker num.]
[1,483,601,877.8444][24878][NOTICE][24878 is working 1483601877.8444]
[1,483,601,877.8455][24879][NOTICE][24879 is working 1483601877.8455]
[1,483,601,877.8478][24880][NOTICE][24880 is working 1483601877.8478]
[1,483,601,877.8479][24872][DEBUG][master while: proc num is 4.]
[1,483,601,877.8479][24881][NOTICE][24881 is working 1483601877.8479]
[1,483,601,877.8480][24872][DEBUG][master sleep: enough worker num.]
[1,483,601,878.8450][24878][NOTICE][24878 is working 1483601878.8449]
[1,483,601,878.8461][24879][NOTICE][24879 is working 1483601878.8461]
[1,483,601,878.8492][24880][NOTICE][24880 is working 1483601878.8492]
[1,483,601,878.8493][24872][DEBUG][master while: proc num is 4.]
[1,483,601,878.8492][24881][NOTICE][24881 is working 1483601878.8492]
[1,483,601,878.8493][24872][DEBUG][master sleep: enough worker num.]
[1,483,601,879.8460][24878][NOTICE][24878 is working 1483601879.846]
[1,483,601,879.8466][24879][NOTICE][24879 is working 1483601879.8466]
[1,483,601,879.8506][24881][NOTICE][24881 is working 1483601879.8506]
[1,483,601,879.8506][24880][NOTICE][24880 is working 1483601879.8506]
[1,483,601,879.8543][24872][DEBUG][master while: proc num is 4.]
[1,483,601,879.8545][24872][DEBUG][master sleep: enough worker num.]
[1,483,601,880.8474][24879][NOTICE][24879 is working 1483601880.8474]
[1,483,601,880.8474][24878][NOTICE][24878 is working 1483601880.8474]
[1,483,601,880.8517][24881][NOTICE][24881 is working 1483601880.8517]
[1,483,601,880.8518][24880][NOTICE][24880 is working 1483601880.8517]
[1,483,601,880.8586][24872][DEBUG][master while: proc num is 4.]
[1,483,601,880.8588][24872][DEBUG][master sleep: enough worker num.]
[1,483,601,881.8487][24878][NOTICE][24878 is working 1483601881.8487]
[1,483,601,881.8487][24879][NOTICE][24879 is working 1483601881.8487]
[1,483,601,881.8524][24881][NOTICE][24881 is working 1483601881.8523]
[1,483,601,881.8524][24880][NOTICE][24880 is working 1483601881.8524]
[1,483,601,881.8630][24872][DEBUG][master while: proc num is 4.]
[1,483,601,881.8632][24872][DEBUG][master sleep: enough worker num.]
[1,483,601,882.8496][24878][NOTICE][24878 is working 1483601882.8496]
[1,483,601,882.8496][24879][NOTICE][24879 is working 1483601882.8496]
[1,483,601,882.8527][24880][NOTICE][24880 is working 1483601882.8527]
[1,483,601,882.8527][24881][NOTICE][24881 is working 1483601882.8527]
[1,483,601,882.8657][24872][DEBUG][master while: proc num is 4.]
[1,483,601,882.8659][24872][DEBUG][master sleep: enough worker num.]
[1,483,601,883.8507][24878][NOTICE][24878 is working 1483601883.8507]
[1,483,601,883.8507][24879][NOTICE][24879 is working 1483601883.8506]
[1,483,601,883.8540][24881][NOTICE][24881 is working 1483601883.854]
[1,483,601,883.8540][24880][NOTICE][24880 is working 1483601883.854]
[1,483,601,883.8670][24872][DEBUG][master while: proc num is 4.]
[1,483,601,883.8671][24872][DEBUG][master sleep: enough worker num.]
[1,483,601,884.8521][24879][NOTICE][24879 is working 1483601884.8521]
[1,483,601,884.8521][24878][NOTICE][24878 is working 1483601884.8521]
[1,483,601,884.8545][24881][NOTICE][24881 is working 1483601884.8545]
[1,483,601,884.8545][24880][NOTICE][24880 is working 1483601884.8545]
[1,483,601,884.8711][24872][DEBUG][master while: proc num is 4.]
[1,483,601,884.8712][24872][DEBUG][master sleep: enough worker num.]
[1,483,601,885.8529][24878][NOTICE][24878 is working 1483601885.8529]
[1,483,601,885.8530][24879][NOTICE][24879 is working 1483601885.8529]
[1,483,601,885.8558][24880][NOTICE][24880 is working 1483601885.8558]
[1,483,601,885.8558][24881][NOTICE][24881 is working 1483601885.8558]
[1,483,601,885.8746][24872][DEBUG][master while: proc num is 4.]
[1,483,601,885.8749][24872][DEBUG][master sleep: enough worker num.]
[1,483,601,886.8544][24878][NOTICE][24878 is working 1483601886.8544]
[1,483,601,886.8544][24879][NOTICE][24879 is working 1483601886.8543]
[1,483,601,886.8571][24881][NOTICE][24881 is working 1483601886.8571]
[1,483,601,886.8571][24880][NOTICE][24880 is working 1483601886.8571]
[1,483,601,886.8787][24872][DEBUG][master while: proc num is 4.]
[1,483,601,886.8789][24872][DEBUG][master sleep: enough worker num.]
[1,483,601,887.8558][24878][NOTICE][24878 is working 1483601887.8558]
[1,483,601,887.8558][24879][NOTICE][24879 is working 1483601887.8558]
[1,483,601,887.8576][24881][NOTICE][24881 is working 1483601887.8575]
[1,483,601,887.8587][24880][NOTICE][24880 is working 1483601887.8586]
[1,483,601,887.8842][24872][DEBUG][master while: proc num is 4.]
[1,483,601,887.8845][24872][DEBUG][master sleep: enough worker num.]
[1,483,601,888.8567][24879][NOTICE][24879 is working 1483601888.8566]
[1,483,601,888.8578][24878][NOTICE][24878 is working 1483601888.8578]
[1,483,601,888.8580][24881][NOTICE][24881 is working 1483601888.858]
[1,483,601,888.8602][24880][NOTICE][24880 is working 1483601888.8602]
[1,483,601,888.8873][24872][DEBUG][master while: proc num is 4.]
[1,483,601,888.8874][24872][DEBUG][master sleep: enough worker num.]
[1,483,601,889.8581][24879][NOTICE][24879 is working 1483601889.8581]
[1,483,601,889.8584][24881][NOTICE][24881 is working 1483601889.8584]
[1,483,601,889.8584][24878][NOTICE][24878 is working 1483601889.8584]
[1,483,601,889.8617][24880][NOTICE][24880 is working 1483601889.8616]
[1,483,601,889.8879][24872][DEBUG][master while: proc num is 4.]
[1,483,601,889.8881][24872][DEBUG][master sleep: enough worker num.]
[1,483,601,890.8596][24878][NOTICE][24878 is working 1483601890.8596]
[1,483,601,890.8596][24879][NOTICE][24879 is working 1483601890.8596]
[1,483,601,890.8596][24881][NOTICE][24881 is working 1483601890.8596]
[1,483,601,890.8623][24880][NOTICE][24880 is working 1483601890.8623]
[1,483,601,890.8914][24872][DEBUG][master while: proc num is 4.]
[1,483,601,890.8916][24872][DEBUG][master sleep: enough worker num.]
[1,483,601,891.8602][24879][NOTICE][24879 is working 1483601891.8602]
[1,483,601,891.8601][24878][NOTICE][24878 is working 1483601891.8601]
[1,483,601,891.8602][24881][NOTICE][24881 is working 1483601891.8602]
[1,483,601,891.8629][24880][NOTICE][24880 is working 1483601891.8629]
[1,483,601,891.8945][24872][DEBUG][master while: proc num is 4.]
[1,483,601,891.8947][24872][DEBUG][master sleep: enough worker num.]
[1,483,601,892.8614][24881][NOTICE][24881 is working 1483601892.8614]
[1,483,601,892.8614][24878][NOTICE][24878 is working 1483601892.8614]
[1,483,601,892.8616][24879][NOTICE][24879 is working 1483601892.8616]
[1,483,601,892.8643][24880][NOTICE][24880 is working 1483601892.8643]
[1,483,601,892.8970][24872][DEBUG][master while: proc num is 4.]
[1,483,601,892.8973][24872][DEBUG][master sleep: enough worker num.]
[1,483,601,893.8618][24878][NOTICE][24878 is working 1483601893.8618]
[1,483,601,893.8621][24881][NOTICE][24881 is working 1483601893.8621]
[1,483,601,893.8630][24879][NOTICE][24879 is working 1483601893.863]
[1,483,601,893.8650][24880][NOTICE][24880 is working 1483601893.8649]
[1,483,601,893.9021][24872][DEBUG][master while: proc num is 4.]
[1,483,601,893.9023][24872][DEBUG][master sleep: enough worker num.]
[1,483,601,894.8632][24878][NOTICE][24878 is working 1483601894.8632]
[1,483,601,894.8634][24879][NOTICE][24879 is working 1483601894.8634]
[1,483,601,894.8634][24881][NOTICE][24881 is working 1483601894.8634]
[1,483,601,894.8663][24880][NOTICE][24880 is working 1483601894.8663]
[1,483,601,894.9055][24872][DEBUG][master while: proc num is 4.]
[1,483,601,894.9056][24872][DEBUG][master sleep: enough worker num.]
[1,483,601,895.8646][24878][NOTICE][24878 is working 1483601895.8646]
[1,483,601,895.8651][24881][NOTICE][24881 is working 1483601895.8651]
[1,483,601,895.8653][24879][NOTICE][24879 is working 1483601895.8652]
[1,483,601,895.8679][24880][NOTICE][24880 is working 1483601895.8679]
[1,483,601,895.9107][24872][DEBUG][master while: proc num is 4.]
[1,483,601,895.9108][24872][DEBUG][master sleep: enough worker num.]
[1,483,602,136.8152][24883][DEBUG][master start]
[1,483,602,136.8159][24883][DEBUG][master while: proc num is 0.]
[1,483,602,136.8167][24883][NOTICE][fork success pid:24884]
[1,483,602,136.8170][24883][DEBUG][master while: proc num is 1.]
[1,483,602,136.8172][24884][NOTICE][24884 is working 1483602136.8172]
[1,483,602,136.8176][24883][NOTICE][fork success pid:24885]
[1,483,602,136.8178][24883][DEBUG][master while: proc num is 2.]
[1,483,602,136.8181][24885][NOTICE][24885 is working 1483602136.818]
[1,483,602,136.8184][24883][NOTICE][fork success pid:24886]
[1,483,602,136.8186][24883][DEBUG][master while: proc num is 3.]
[1,483,602,136.8190][24886][NOTICE][24886 is working 1483602136.8189]
[1,483,602,136.8193][24883][NOTICE][fork success pid:24887]
[1,483,602,136.8195][24883][DEBUG][master while: proc num is 4.]
[1,483,602,136.8196][24883][DEBUG][master sleep: enough worker num.]
[1,483,602,136.8197][24887][NOTICE][24887 is working 1483602136.8197]
[1,483,602,137.8189][24884][NOTICE][24884 is working 1483602137.8189]
[1,483,602,137.8189][24885][NOTICE][24885 is working 1483602137.8189]
[1,483,602,137.8195][24886][NOTICE][24886 is working 1483602137.8195]
[1,483,602,137.8202][24887][NOTICE][24887 is working 1483602137.8201]
[1,483,602,137.8222][24883][DEBUG][master while: proc num is 4.]
[1,483,602,137.8224][24883][DEBUG][master sleep: enough worker num.]
[1,483,602,138.8204][24884][NOTICE][24884 is working 1483602138.8204]
[1,483,602,138.8204][24885][NOTICE][24885 is working 1483602138.8204]
[1,483,602,138.8205][24886][NOTICE][24886 is working 1483602138.8205]
[1,483,602,138.8206][24887][NOTICE][24887 is working 1483602138.8206]
[1,483,602,138.8265][24883][DEBUG][master while: proc num is 4.]
[1,483,602,138.8267][24883][DEBUG][master sleep: enough worker num.]
[1,483,602,139.5655][24888][NOTICE][clear shm done1483602139.5655]
[1,483,602,139.8210][24885][NOTICE][24885 lock failed 1483602139.821]
[1,483,602,139.8210][24884][NOTICE][24884 is exiting 1483602139.821]
[1,483,602,139.8214][24885][NOTICE][24885 is exiting 1483602139.8214]
[1,483,602,139.8214][24884][NOTICE][clear shm done1483602139.8214]
[1,483,602,139.8220][24887][NOTICE][24887 is exiting 1483602139.822]
[1,483,602,139.8222][24886][NOTICE][24886 is exiting 1483602139.8222]
[1,483,602,139.8223][24885][NOTICE][clear shm done1483602139.8223]
[1,483,602,139.8225][24887][NOTICE][clear shm done1483602139.8225]
[1,483,602,139.8231][24886][NOTICE][clear shm done1483602139.8231]
[1,483,602,139.8331][24883][DEBUG][master while: proc num is 0.]
[1,483,602,139.8333][24883][DEBUG][master stop: break while]
[1,483,602,139.8333][24883][NOTICE][master exit!!!]
[1,483,602,139.8336][24883][NOTICE][clear shm done1483602139.8335]
[1,483,602,500.9634][24901][DEBUG][master start]
[1,483,602,500.9642][24901][DEBUG][master while: proc num is 0.]
[1,483,602,500.9650][24901][NOTICE][fork success pid:24902]
[1,483,602,500.9653][24901][DEBUG][master while: proc num is 1.]
[1,483,602,500.9656][24902][NOTICE][24902 is working 1483602500.9656]
[1,483,602,500.9668][24903][NOTICE][24903 is working 1483602500.9667]
[1,483,602,500.9673][24901][NOTICE][fork success pid:24903]
[1,483,602,500.9677][24901][DEBUG][master while: proc num is 2.]
[1,483,602,500.9688][24901][NOTICE][fork success pid:24904]
[1,483,602,500.9691][24904][NOTICE][24904 is working 1483602500.969]
[1,483,602,500.9692][24901][DEBUG][master while: proc num is 3.]
[1,483,602,500.9699][24901][NOTICE][fork success pid:24905]
[1,483,602,500.9702][24901][DEBUG][master while: proc num is 4.]
[1,483,602,500.9703][24901][DEBUG][master sleep: enough worker num.]
[1,483,602,500.9703][24905][NOTICE][24905 is working 1483602500.9703]
[1,483,602,501.9667][24902][NOTICE][24902 is working 1483602501.9667]
[1,483,602,501.9677][24903][NOTICE][24903 is working 1483602501.9677]
[1,483,602,501.9697][24904][NOTICE][24904 is working 1483602501.9696]
[1,483,602,501.9711][24905][NOTICE][24905 is working 1483602501.9711]
[1,483,602,501.9750][24901][DEBUG][master while: proc num is 4.]
[1,483,602,501.9751][24901][DEBUG][master sleep: enough worker num.]
[1,483,602,502.9681][24902][NOTICE][24902 is working 1483602502.9681]
[1,483,602,502.9681][24903][NOTICE][24903 is working 1483602502.9681]
[1,483,602,502.9709][24904][NOTICE][24904 is working 1483602502.9709]
[1,483,602,502.9724][24905][NOTICE][24905 is working 1483602502.9724]
[1,483,602,502.9794][24901][DEBUG][master while: proc num is 4.]
[1,483,602,502.9796][24901][DEBUG][master sleep: enough worker num.]
[1,483,602,503.4329][24906][NOTICE][clear shm done1483602503.4329]
[1,483,602,503.9691][24903][NOTICE][24903 lock failed 1483602503.9691]
[1,483,602,503.9692][24902][NOTICE][24902 is exiting 1483602503.9692]
[1,483,602,503.9694][24903][NOTICE][24903 is exiting 1483602503.9694]
[1,483,602,503.9722][24904][NOTICE][24904 is exiting 1483602503.9722]
[1,483,602,503.9804][24905][NOTICE][24905 is exiting 1483602503.9804]
[1,483,602,503.9847][24901][DEBUG][master while: proc num is 0.]
[1,483,602,503.9849][24901][DEBUG][master stop: break while]
[1,483,602,503.9849][24901][NOTICE][master exit!!!]
[1,483,602,503.9852][24901][NOTICE][clear shm done1483602503.9852]
[1,483,602,937.2684][24917][DEBUG][master start]
[1,483,602,937.2692][24917][DEBUG][master while: proc num is 0.]
[1,483,602,937.2700][24917][NOTICE][fork success pid:24918]
[1,483,602,937.2703][24917][DEBUG][master while: proc num is 1.]
[1,483,602,937.2706][24918][NOTICE][24918 is working 1483602937.2706]
[1,483,602,937.2710][24917][NOTICE][fork success pid:24919]
[1,483,602,937.2712][24917][DEBUG][master while: proc num is 2.]
[1,483,602,937.2714][24919][NOTICE][24919 is working 1483602937.2714]
[1,483,602,937.2719][24917][NOTICE][fork success pid:24920]
[1,483,602,937.2721][24917][DEBUG][master while: proc num is 3.]
[1,483,602,937.2723][24920][NOTICE][24920 is working 1483602937.2723]
[1,483,602,937.2727][24917][NOTICE][fork success pid:24921]
[1,483,602,937.2730][24917][DEBUG][master while: proc num is 4.]
[1,483,602,937.2730][24917][DEBUG][master sleep: enough worker num.]
[1,483,602,937.2732][24921][NOTICE][24921 is working 1483602937.2731]
[1,483,602,938.2723][24918][NOTICE][24918 is working 1483602938.2723]
[1,483,602,938.2724][24919][NOTICE][24919 is working 1483602938.2723]
[1,483,602,938.2735][24920][NOTICE][24920 is working 1483602938.2735]
[1,483,602,938.2740][24921][NOTICE][24921 is working 1483602938.2739]
[1,483,602,938.2770][24917][DEBUG][master while: proc num is 4.]
[1,483,602,938.2773][24917][DEBUG][master sleep: enough worker num.]
[1,483,602,939.2737][24918][NOTICE][24918 is working 1483602939.2737]
[1,483,602,939.2737][24919][NOTICE][24919 is working 1483602939.2737]
[1,483,602,939.2749][24920][NOTICE][24920 is working 1483602939.2748]
[1,483,602,939.2753][24921][NOTICE][24921 is working 1483602939.2752]
[1,483,602,939.2828][24917][DEBUG][master while: proc num is 4.]
[1,483,602,939.2831][24917][DEBUG][master sleep: enough worker num.]
[1,483,602,940.2745][24918][NOTICE][24918 is working 1483602940.2745]
[1,483,602,940.2745][24919][NOTICE][24919 is working 1483602940.2745]
[1,483,602,940.2762][24921][NOTICE][24921 is working 1483602940.2762]
[1,483,602,940.2762][24920][NOTICE][24920 is working 1483602940.2762]
[1,483,602,940.2878][24917][DEBUG][master while: proc num is 4.]
[1,483,602,940.2879][24917][DEBUG][master sleep: enough worker num.]
[1,483,602,941.2760][24918][NOTICE][24918 lock failed 1483602941.2759]
[1,483,602,941.2761][24919][NOTICE][24919 is exiting 1483602941.2761]
[1,483,602,941.2763][24918][NOTICE][24918 is exiting 1483602941.2763]
[1,483,602,941.2766][24920][NOTICE][24920 lock failed 1483602941.2766]
[1,483,602,941.2766][24921][NOTICE][24921 is exiting 1483602941.2766]
[1,483,602,941.2779][24920][NOTICE][24920 is exiting 1483602941.2778]
[1,483,602,941.2900][24917][DEBUG][master while: proc num is 0.]
[1,483,602,941.2901][24917][DEBUG][master stop: break while]
[1,483,602,941.2902][24917][NOTICE][master exit!!!]
[1,483,602,941.2929][24917][NOTICE][clear shm done1483602941.2929]
[1,483,603,509.4590][24926][DEBUG][master start]
[1,483,603,509.4598][24926][DEBUG][master while: proc num is 0.]
[1,483,603,509.4606][24926][NOTICE][fork success pid:24927]
[1,483,603,509.4608][24926][DEBUG][master while: proc num is 1.]
[1,483,603,509.4611][24927][NOTICE][24927 is working 1483603509.4611]
[1,483,603,509.4614][24926][NOTICE][fork success pid:24928]
[1,483,603,509.4615][24926][DEBUG][master while: proc num is 2.]
[1,483,603,509.4619][24928][NOTICE][24928 is working 1483603509.4618]
[1,483,603,509.4622][24926][NOTICE][fork success pid:24929]
[1,483,603,509.4624][24926][DEBUG][master while: proc num is 3.]
[1,483,603,509.4627][24929][NOTICE][24929 is working 1483603509.4627]
[1,483,603,509.4630][24926][NOTICE][fork success pid:24930]
[1,483,603,509.4633][24926][DEBUG][master while: proc num is 4.]
[1,483,603,509.4633][24926][DEBUG][master sleep: enough worker num.]
[1,483,603,509.4635][24930][NOTICE][24930 is working 1483603509.4634]
[1,483,603,510.4626][24927][NOTICE][24927 is working 1483603510.4626]
[1,483,603,510.4630][24928][NOTICE][24928 is working 1483603510.463]
[1,483,603,510.4631][24929][NOTICE][24929 is working 1483603510.4631]
[1,483,603,510.4648][24930][NOTICE][24930 is working 1483603510.4648]
[1,483,603,510.4649][24926][DEBUG][master while: proc num is 4.]
[1,483,603,510.4650][24926][DEBUG][master sleep: enough worker num.]
[1,483,603,511.4641][24927][NOTICE][24927 is working 1483603511.4641]
[1,483,603,511.4641][24929][NOTICE][24929 is working 1483603511.4641]
[1,483,603,511.4641][24928][NOTICE][24928 is working 1483603511.4641]
[1,483,603,511.4653][24930][NOTICE][24930 is working 1483603511.4653]
[1,483,603,511.4692][24926][DEBUG][master while: proc num is 4.]
[1,483,603,511.4694][24926][DEBUG][master sleep: enough worker num.]
[1,483,603,512.4657][24927][NOTICE][24927 lock failed 1483603512.4657]
[1,483,603,512.4658][24928][NOTICE][24928 lock failed 1483603512.4658]
[1,483,603,512.4658][24929][NOTICE][24929 is exiting 1483603512.4658]
[1,483,603,512.4661][24930][NOTICE][24930 lock failed 1483603512.4661]
[1,483,603,512.4662][24927][NOTICE][24927 is exiting 1483603512.4661]
[1,483,603,512.4673][24928][NOTICE][24928 is exiting 1483603512.4672]
[1,483,603,512.4677][24930][NOTICE][24930 is exiting 1483603512.4677]
[1,483,603,512.4776][24926][DEBUG][master while: proc num is 0.]
[1,483,603,512.4777][24926][DEBUG][master stop: break while]
[1,483,603,512.4778][24926][NOTICE][master exit!!!]
[1,483,603,512.4779][24926][NOTICE][clear shm done1483603512.4779]
[1,483,603,595.3143][24932][master][DEBUG][master start]
[1,483,603,595.3151][24932][master][DEBUG][master while: proc num is 0.]
[1,483,603,595.3159][24932][master][NOTICE][fork success pid:24933]
[1,483,603,595.3161][24932][master][DEBUG][master while: proc num is 1.]
[1,483,603,595.3164][24933][worker][NOTICE][24933 is working 1483603595.3163]
[1,483,603,595.3167][24932][master][NOTICE][fork success pid:24934]
[1,483,603,595.3169][24932][master][DEBUG][master while: proc num is 2.]
[1,483,603,595.3172][24934][worker][NOTICE][24934 is working 1483603595.3171]
[1,483,603,595.3177][24932][master][NOTICE][fork success pid:24935]
[1,483,603,595.3181][24932][master][DEBUG][master while: proc num is 3.]
[1,483,603,595.3187][24935][worker][NOTICE][24935 is working 1483603595.3187]
[1,483,603,595.3192][24932][master][NOTICE][fork success pid:24936]
[1,483,603,595.3195][24932][master][DEBUG][master while: proc num is 4.]
[1,483,603,595.3196][24932][master][DEBUG][master sleep: enough worker num.]
[1,483,603,595.3196][24936][worker][NOTICE][24936 is working 1483603595.3195]
[1,483,603,596.3180][24933][worker][NOTICE][24933 is working 1483603596.318]
[1,483,603,596.3180][24934][worker][NOTICE][24934 is working 1483603596.318]
[1,483,603,596.3192][24935][worker][NOTICE][24935 is working 1483603596.3192]
[1,483,603,596.3210][24936][worker][NOTICE][24936 is working 1483603596.3209]
[1,483,603,596.3236][24932][master][DEBUG][master while: proc num is 4.]
[1,483,603,596.3237][24932][master][DEBUG][master sleep: enough worker num.]
[1,483,603,597.3195][24933][worker][NOTICE][24933 is working 1483603597.3194]
[1,483,603,597.3195][24934][worker][NOTICE][24934 is working 1483603597.3195]
[1,483,603,597.3198][24935][worker][NOTICE][24935 is working 1483603597.3198]
[1,483,603,597.3220][24936][worker][NOTICE][24936 is working 1483603597.322]
[1,483,603,597.3252][24932][master][DEBUG][master while: proc num is 4.]
[1,483,603,597.3254][24932][master][DEBUG][master sleep: enough worker num.]
[1,483,603,598.3205][24934][worker][NOTICE][24934 is working 1483603598.3205]
[1,483,603,598.3206][24933][worker][NOTICE][24933 is working 1483603598.3206]
[1,483,603,598.3209][24935][worker][NOTICE][24935 is working 1483603598.3209]
[1,483,603,598.3235][24936][worker][NOTICE][24936 is working 1483603598.3234]
[1,483,603,598.3283][24932][master][DEBUG][master while: proc num is 4.]
[1,483,603,598.3286][24932][master][DEBUG][master sleep: enough worker num.]
[1,483,603,599.3218][24934][worker][NOTICE][24934 is working 1483603599.3218]
[1,483,603,599.3229][24933][worker][NOTICE][24933 is working 1483603599.3229]
[1,483,603,599.3229][24935][worker][NOTICE][24935 is working 1483603599.3229]
[1,483,603,599.3242][24936][worker][NOTICE][24936 is working 1483603599.3242]
[1,483,603,599.3323][24932][master][DEBUG][master while: proc num is 4.]
[1,483,603,599.3324][24932][master][DEBUG][master sleep: enough worker num.]
[1,483,603,600.3232][24934][worker][NOTICE][24934 is working 1483603600.3231]
[1,483,603,600.3233][24935][worker][NOTICE][24935 is working 1483603600.3233]
[1,483,603,600.3234][24933][worker][NOTICE][24933 is working 1483603600.3234]
[1,483,603,600.3245][24936][worker][NOTICE][24936 is working 1483603600.3245]
[1,483,603,600.3348][24932][master][DEBUG][master while: proc num is 4.]
[1,483,603,600.3350][24932][master][DEBUG][master sleep: enough worker num.]
[1,483,603,601.3247][24934][worker][NOTICE][24934 is working 1483603601.3247]
[1,483,603,601.3247][24933][worker][NOTICE][24933 is working 1483603601.3247]
[1,483,603,601.3247][24935][worker][NOTICE][24935 is working 1483603601.3247]
[1,483,603,601.3250][24936][worker][NOTICE][24936 is working 1483603601.325]
[1,483,603,601.3394][24932][master][DEBUG][master while: proc num is 4.]
[1,483,603,601.3397][24932][master][DEBUG][master sleep: enough worker num.]
[1,483,603,602.3251][24934][worker][NOTICE][24934 is working 1483603602.325]
[1,483,603,602.3253][24933][worker][NOTICE][24933 is working 1483603602.3253]
[1,483,603,602.3262][24935][worker][NOTICE][24935 is working 1483603602.3262]
[1,483,603,602.3264][24936][worker][NOTICE][24936 is working 1483603602.3264]
[1,483,603,602.3425][24932][master][DEBUG][master while: proc num is 4.]
[1,483,603,602.3428][24932][master][DEBUG][master sleep: enough worker num.]
[1,483,603,603.3261][24934][worker][NOTICE][24934 is exiting 1483603603.3261]
[1,483,603,603.3267][24933][worker][NOTICE][24933 is exiting 1483603603.3267]
[1,483,603,603.3269][24935][worker][NOTICE][24935 is exiting 1483603603.3269]
[1,483,603,603.3270][24936][worker][NOTICE][24936 is exiting 1483603603.327]
[1,483,603,603.3481][24932][master][DEBUG][master while: proc num is 0.]
[1,483,603,603.3482][24932][master][DEBUG][master stop: break while]
[1,483,603,603.3483][24932][master][NOTICE][master exit!!!]
[1,483,603,603.3488][24932][master][NOTICE][clear shm done1483603603.3487]
[1,483,603,634.7917][24938][master][DEBUG][master start]
[1,483,603,634.7926][24938][master][DEBUG][master while: proc num is 0.]
[1,483,603,634.7933][24938][master][NOTICE][fork success pid:24939]
[1,483,603,634.7936][24938][master][DEBUG][master while: proc num is 1.]
[1,483,603,634.7938][24939][worker][NOTICE][24939 is working ]
[1,483,603,634.7943][24938][master][NOTICE][fork success pid:24940]
[1,483,603,634.7946][24938][master][DEBUG][master while: proc num is 2.]
[1,483,603,634.7957][24938][master][NOTICE][fork success pid:24941]
[1,483,603,634.7960][24938][master][DEBUG][master while: proc num is 3.]
[1,483,603,634.7963][24940][worker][NOTICE][24940 is working ]
[1,483,603,634.7967][24938][master][NOTICE][fork success pid:24942]
[1,483,603,634.7968][24941][worker][NOTICE][24941 is working ]
[1,483,603,634.7969][24938][master][DEBUG][master while: proc num is 4.]
[1,483,603,634.7971][24938][master][DEBUG][master sleep: enough worker num.]
[1,483,603,634.7976][24942][worker][NOTICE][24942 is working ]
[1,483,603,635.7955][24939][worker][NOTICE][24939 is working ]
[1,483,603,635.7975][24941][worker][NOTICE][24941 is working ]
[1,483,603,635.7976][24940][worker][NOTICE][24940 is working ]
[1,483,603,635.7980][24942][worker][NOTICE][24942 is working ]
[1,483,603,635.7996][24938][master][DEBUG][master while: proc num is 4.]
[1,483,603,635.7998][24938][master][DEBUG][master sleep: enough worker num.]
[1,483,603,636.7966][24939][worker][NOTICE][24939 is working ]
[1,483,603,636.7980][24941][worker][NOTICE][24941 is working ]
[1,483,603,636.7981][24940][worker][NOTICE][24940 is working ]
[1,483,603,636.7983][24942][worker][NOTICE][24942 is working ]
[1,483,603,636.8021][24938][master][DEBUG][master while: proc num is 4.]
[1,483,603,636.8023][24938][master][DEBUG][master sleep: enough worker num.]
[1,483,603,637.7981][24939][worker][NOTICE][24939 is working ]
[1,483,603,637.7985][24940][worker][NOTICE][24940 is working ]
[1,483,603,637.7985][24941][worker][NOTICE][24941 is working ]
[1,483,603,637.7994][24942][worker][NOTICE][24942 is working ]
[1,483,603,637.8053][24938][master][DEBUG][master while: proc num is 4.]
[1,483,603,637.8055][24938][master][DEBUG][master sleep: enough worker num.]
[1,483,603,638.7996][24939][worker][NOTICE][24939 is working ]
[1,483,603,638.7997][24941][worker][NOTICE][24941 is working ]
[1,483,603,638.7997][24940][worker][NOTICE][24940 is working ]
[1,483,603,638.7999][24942][worker][NOTICE][24942 is working ]
[1,483,603,638.8090][24938][master][DEBUG][master while: proc num is 4.]
[1,483,603,638.8092][24938][master][DEBUG][master sleep: enough worker num.]
[1,483,603,639.8011][24940][worker][NOTICE][24940 is working ]
[1,483,603,639.8011][24941][worker][NOTICE][24941 is working ]
[1,483,603,639.8011][24939][worker][NOTICE][24939 is working ]
[1,483,603,639.8013][24942][worker][NOTICE][24942 is working ]
[1,483,603,639.8126][24938][master][DEBUG][master while: proc num is 4.]
[1,483,603,639.8129][24938][master][DEBUG][master sleep: enough worker num.]
[1,483,603,640.8025][24940][worker][NOTICE][24940 is working ]
[1,483,603,640.8026][24941][worker][NOTICE][24941 is working ]
[1,483,603,640.8026][24939][worker][NOTICE][24939 is working ]
[1,483,603,640.8037][24942][worker][NOTICE][24942 is working ]
[1,483,603,640.8155][24938][master][DEBUG][master while: proc num is 4.]
[1,483,603,640.8157][24938][master][DEBUG][master sleep: enough worker num.]
[1,483,603,641.8040][24941][worker][NOTICE][24941 is working ]
[1,483,603,641.8040][24940][worker][NOTICE][24940 is working ]
[1,483,603,641.8040][24939][worker][NOTICE][24939 is working ]
[1,483,603,641.8043][24942][worker][NOTICE][24942 is working ]
[1,483,603,641.8212][24938][master][DEBUG][master while: proc num is 4.]
[1,483,603,641.8214][24938][master][DEBUG][master sleep: enough worker num.]
[1,483,603,642.8055][24941][worker][NOTICE][24941 is working ]
[1,483,603,642.8055][24939][worker][NOTICE][24939 is working ]
[1,483,603,642.8056][24940][worker][NOTICE][24940 is working ]
[1,483,603,642.8056][24942][worker][NOTICE][24942 is working ]
[1,483,603,642.8239][24938][master][DEBUG][master while: proc num is 4.]
[1,483,603,642.8241][24938][master][DEBUG][master sleep: enough worker num.]
[1,483,603,643.8068][24939][worker][NOTICE][24939 lock failed ]
[1,483,603,643.8068][24941][worker][NOTICE][24941 lock failed ]
[1,483,603,643.8068][24940][worker][NOTICE][24940 lock failed ]
[1,483,603,643.8070][24940][worker][NOTICE][24940 lock failed ]
[1,483,603,643.8071][24939][worker][NOTICE][24939 lock failed ]
[1,483,603,643.8075][24942][worker][NOTICE][24942 is exiting ]
[1,483,603,643.8072][24941][worker][NOTICE][24941 lock failed ]
[1,483,603,643.8082][24941][worker][NOTICE][24941 lock failed ]
[1,483,603,643.8083][24939][worker][NOTICE][24939 is exiting ]
[1,483,603,643.8085][24940][worker][NOTICE][24940 is exiting ]
[1,483,603,643.8090][24941][worker][NOTICE][24941 is exiting ]
[1,483,603,643.8255][24938][master][DEBUG][master while: proc num is 0.]
[1,483,603,643.8257][24938][master][DEBUG][master stop: break while]
[1,483,603,643.8258][24938][master][NOTICE][master exit!!!]
[1,483,603,643.8265][24938][master][NOTICE][clear shm done]
